{"level":"info","message":"[URL] 4JQJPRHLMLvDdLQzR","timestamp":"2013-09-26T17:50:13.470Z"}
{"level":"info","message":"[UPDATE][ISPLAYING]","timestamp":"2013-09-26T17:50:13.484Z"}
{"level":"info","message":"[URL] 4JQJPRHLMLvDdLQzR","timestamp":"2013-09-26T17:51:04.654Z"}
{"level":"info","message":"[UPDATE][ISPLAYING]","timestamp":"2013-09-26T17:51:04.662Z"}
{"level":"info","message":"\n[DEL][ENTRY]  4JQJPRHLMLvDdLQzR","timestamp":"2013-09-28T15:28:11.661Z"}
{"level":"info","message":"\n[DEL][ENTRY]  h3fZMJRqiMCk7A3Xk","timestamp":"2013-09-28T15:28:11.848Z"}
{"level":"info","message":"\n[DEL][ENTRY]  LnWswoMHpKQJacHhd","timestamp":"2013-09-28T15:28:12.027Z"}
{"level":"info","message":"\n[DEL][ENTRY]  ebrqTpX7WuHYNgr2R","timestamp":"2013-09-28T15:28:12.194Z"}
{"level":"info","message":"\n[DEL][ENTRY]  Bv36tRShz7fq3qTNv","timestamp":"2013-09-28T15:28:12.377Z"}
{"level":"info","message":"\n[DEL][ENTRY]  rmKH6T48CTkTN5EJJ","timestamp":"2013-09-28T15:28:12.552Z"}
{"level":"info","message":"\n[DEL][ENTRY]  8PymsKAKQcJnY83Rd","timestamp":"2013-09-28T15:28:12.730Z"}
{"level":"info","message":"\n[DEL][ENTRY]  iizoPWKu3xSrk5DHu","timestamp":"2013-09-28T15:28:12.920Z"}
{"level":"info","message":"\n[DEL][ENTRY]  pLcQmMaqDPYBhe6CT","timestamp":"2013-09-28T15:28:13.119Z"}
{"level":"info","message":"\n[DEL][ENTRY]  wTazCvzbJqNofh6JE","timestamp":"2013-09-28T15:28:13.308Z"}
{"level":"info","message":"\n[DEL][ENTRY]  eQsRuq65raj7mXdiJ","timestamp":"2013-09-28T15:28:13.494Z"}
{"level":"info","message":"\n[DEL][ENTRY]  ARC3C2wJasXrCLKkQ","timestamp":"2013-09-28T15:28:13.673Z"}
{"url":"http://www.youtube.com/watch?v=PfoIbJgA6hk","youtubeId":"PfoIbJgA6hk","title":"Del at Back to School","thumbnail":"http://i.ytimg.com/vi/PfoIbJgA6hk/1.jpg","description":"This video was uploaded from an Android phone.","duration":"00:00:35","level":"info","message":"[METHODS]  youtube","timestamp":"2013-09-28T15:28:19.290Z"}
{"url":"http://www.youtube.com/watch?v=EwAOL-WSUeg","youtubeId":"EwAOL-WSUeg","title":"Del at","thumbnail":"http://i.ytimg.com/vi/EwAOL-WSUeg/1.jpg","description":"Buddy Guys.","duration":"00:07:12","level":"info","message":"[METHODS]  youtube","timestamp":"2013-09-28T15:28:20.035Z"}
{"url":"http://www.youtube.com/watch?v=yYVMIwhugRc","youtubeId":"yYVMIwhugRc","title":"Del at The Sentient Bean","thumbnail":"http://i.ytimg.com/vi/yYVMIwhugRc/1.jpg","description":"","duration":"00:07:40","level":"info","message":"[METHODS]  youtube","timestamp":"2013-09-28T15:28:21.060Z"}
{"level":"info","message":"result from YouTube  http://r6---sn-bvvbax-8pxl.c.youtube.com/videoplayback?algorithm=throttle-factor&burst=40&pcm2fr=yes&ipbits=8&sparams=algorithm%2Cburst%2Ccp%2Cfactor%2Cid%2Cip%2Cipbits%2Citag%2Cpcm2fr%2Csource%2Cupn%2Cexpire&mt=1380381954&cp=U0hXRVRLU19GTUNON19MRVdGOnBwalVveVdhYU0x&expire=1380405513&source=youtube&ms=au&fexp=909715%2C912505%2C932244%2C930102%2C900398%2C916611%2C936117%2C902544%2C924606%2C916914%2C929117%2C929121%2C929906%2C929907%2C929922%2C929923%2C929127%2C929129%2C929131%2C929930%2C936403%2C925724%2C925726%2C936310%2C925720%2C925722%2C925718%2C936401%2C925714%2C929917%2C906945%2C929933%2C929935%2C929937%2C929939%2C939602%2C939604%2C937102%2C906842%2C913428%2C912715%2C919811%2C932309%2C913563%2C919373%2C930803%2C908536%2C908538%2C938701%2C931924%2C940501%2C936308%2C909549%2C900816%2C912711%2C934507%2C907231%2C936312%2C906001&sver=3&itag=35&ip=91.119.81.43&id=3dfa086c9800ea19&key=yt1&factor=1.25&upn=N7iZsEnbpLA&mv=m&signature=92AC91D114C8552ED352508390772ACD61D62AFD.B44F4F5D8043E9A4F0F223F6C843E2C0676F69AD&ratebypass=yes\n","timestamp":"2013-09-28T15:28:21.572Z"}
{"level":"info","message":"[CALL][ADD][TO]QUEUE][INSERT][YouTube] YwSmLJwEWmTS2L7Zb","timestamp":"2013-09-28T15:28:21.575Z"}
{"level":"info","message":"result from YouTube  http://r6---sn-bvvbax-8pxl.c.youtube.com/videoplayback?algorithm=throttle-factor&burst=40&pcm2fr=yes&ipbits=8&sparams=algorithm%2Cburst%2Ccp%2Cfactor%2Cid%2Cip%2Cipbits%2Citag%2Cpcm2fr%2Csource%2Cupn%2Cexpire&mt=1380381954&cp=U0hXRVRLU19GTUNON19MRVdGOnBwalVveVdhYU0x&expire=1380405513&source=youtube&ms=au&fexp=909715%2C912505%2C932244%2C930102%2C900398%2C916611%2C936117%2C902544%2C924606%2C916914%2C929117%2C929121%2C929906%2C929907%2C929922%2C929923%2C929127%2C929129%2C929131%2C929930%2C936403%2C925724%2C925726%2C936310%2C925720%2C925722%2C925718%2C936401%2C925714%2C929917%2C906945%2C929933%2C929935%2C929937%2C929939%2C939602%2C939604%2C937102%2C906842%2C913428%2C912715%2C919811%2C932309%2C913563%2C919373%2C930803%2C908536%2C908538%2C938701%2C931924%2C940501%2C936308%2C909549%2C900816%2C912711%2C934507%2C907231%2C936312%2C906001&sver=3&itag=35&ip=91.119.81.43&id=3dfa086c9800ea19&key=yt1&factor=1.25&upn=N7iZsEnbpLA&mv=m&signature=92AC91D114C8552ED352508390772ACD61D62AFD.B44F4F5D8043E9A4F0F223F6C843E2C0676F69AD&ratebypass=yes\nhttp://r5---sn-bvvbax-8pxe.c.youtube.com/videoplayback?sver=3&itag=43&ratebypass=yes&ip=91.119.81.43&ms=au&fexp=935611%2C935203%2C914503%2C926521%2C916623%2C924606%2C916914%2C929117%2C929121%2C929906%2C929907%2C929922%2C929923%2C929127%2C929129%2C929131%2C929930%2C936403%2C925724%2C925726%2C936310%2C925720%2C925722%2C925718%2C936401%2C925714%2C929917%2C906945%2C929933%2C929935%2C929937%2C929939%2C939602%2C939604%2C912909%2C937102%2C906842%2C913428%2C912715%2C919811%2C932309%2C913563%2C919373%2C930803%2C908536%2C938701%2C931924%2C940501%2C936308%2C909549%2C935006%2C900816%2C912711%2C934507%2C907231%2C936312%2C906001&mv=m&key=yt1&cp=U0hXRVRLVF9FS0NON19MRVhHOjMzUUE0YVQtM1Yz&upn=OFmtN8V6_CE&id=13000e2fe59251e8&ipbits=8&expire=1380406601&source=youtube&sparams=cp%2Cid%2Cip%2Cipbits%2Citag%2Cratebypass%2Csource%2Cupn%2Cexpire&mt=1380381954&signature=CBDB8DECBBC13B3AA9DE28B2A73000E835EFE8A8.574D110070B59D216C782F766413FA5D6F327F59\n","timestamp":"2013-09-28T15:28:22.041Z"}
{"level":"info","message":"[CALL][ADD][TO]QUEUE][INSERT][YouTube] PNa7vWXpkFk733mRe","timestamp":"2013-09-28T15:28:22.044Z"}
{"level":"info","message":"result from YouTube  http://r6---sn-bvvbax-8pxl.c.youtube.com/videoplayback?algorithm=throttle-factor&burst=40&pcm2fr=yes&ipbits=8&sparams=algorithm%2Cburst%2Ccp%2Cfactor%2Cid%2Cip%2Cipbits%2Citag%2Cpcm2fr%2Csource%2Cupn%2Cexpire&mt=1380381954&cp=U0hXRVRLU19GTUNON19MRVdGOnBwalVveVdhYU0x&expire=1380405513&source=youtube&ms=au&fexp=909715%2C912505%2C932244%2C930102%2C900398%2C916611%2C936117%2C902544%2C924606%2C916914%2C929117%2C929121%2C929906%2C929907%2C929922%2C929923%2C929127%2C929129%2C929131%2C929930%2C936403%2C925724%2C925726%2C936310%2C925720%2C925722%2C925718%2C936401%2C925714%2C929917%2C906945%2C929933%2C929935%2C929937%2C929939%2C939602%2C939604%2C937102%2C906842%2C913428%2C912715%2C919811%2C932309%2C913563%2C919373%2C930803%2C908536%2C908538%2C938701%2C931924%2C940501%2C936308%2C909549%2C900816%2C912711%2C934507%2C907231%2C936312%2C906001&sver=3&itag=35&ip=91.119.81.43&id=3dfa086c9800ea19&key=yt1&factor=1.25&upn=N7iZsEnbpLA&mv=m&signature=92AC91D114C8552ED352508390772ACD61D62AFD.B44F4F5D8043E9A4F0F223F6C843E2C0676F69AD&ratebypass=yes\nhttp://r5---sn-bvvbax-8pxe.c.youtube.com/videoplayback?sver=3&itag=43&ratebypass=yes&ip=91.119.81.43&ms=au&fexp=935611%2C935203%2C914503%2C926521%2C916623%2C924606%2C916914%2C929117%2C929121%2C929906%2C929907%2C929922%2C929923%2C929127%2C929129%2C929131%2C929930%2C936403%2C925724%2C925726%2C936310%2C925720%2C925722%2C925718%2C936401%2C925714%2C929917%2C906945%2C929933%2C929935%2C929937%2C929939%2C939602%2C939604%2C912909%2C937102%2C906842%2C913428%2C912715%2C919811%2C932309%2C913563%2C919373%2C930803%2C908536%2C938701%2C931924%2C940501%2C936308%2C909549%2C935006%2C900816%2C912711%2C934507%2C907231%2C936312%2C906001&mv=m&key=yt1&cp=U0hXRVRLVF9FS0NON19MRVhHOjMzUUE0YVQtM1Yz&upn=OFmtN8V6_CE&id=13000e2fe59251e8&ipbits=8&expire=1380406601&source=youtube&sparams=cp%2Cid%2Cip%2Cipbits%2Citag%2Cratebypass%2Csource%2Cupn%2Cexpire&mt=1380381954&signature=CBDB8DECBBC13B3AA9DE28B2A73000E835EFE8A8.574D110070B59D216C782F766413FA5D6F327F59\nhttp://r4---sn-bvvbax-8pxl.c.youtube.com/videoplayback?dur=459.406&source=youtube&lmt=1375384555917931&key=yt1&ip=91.119.81.43&gir=yes&id=c9854c23086e8117&signature=D26F63966B5410C0E94CF1E60A30381BF4A66F2F.186774AFD71EA5AEB3CADC2578BDB8108FFAD5E8&ipbits=8&factor=1.25&sparams=algorithm%2Cburst%2Cclen%2Ccp%2Cdur%2Cfactor%2Cgir%2Cid%2Cip%2Cipbits%2Citag%2Clmt%2Csource%2Cupn%2Cexpire&algorithm=throttle-factor&upn=8CidXI4N8o0&cp=U0hXRVRLUl9GT0NON19MRVZDOmtwNjFXVWgxZTRO&sver=3&expire=1380404215&fexp=941216%2C902545%2C924606%2C924616%2C916914%2C929117%2C929121%2C929906%2C929907%2C929922%2C929923%2C929127%2C929129%2C929131%2C929930%2C936403%2C925724%2C925726%2C936310%2C925720%2C925722%2C925718%2C936401%2C925714%2C929917%2C906945%2C929933%2C929935%2C929937%2C929939%2C939602%2C939604%2C937102%2C906842%2C913428%2C912715%2C919811%2C932309%2C913563%2C919373%2C930803%2C908536%2C938701%2C931924%2C940501%2C936308%2C909549%2C900816%2C912711%2C934507%2C907231%2C936312%2C941222%2C906001&clen=10972184&burst=40&ms=au&itag=141&mt=1380381954&mv=m&ratebypass=yes\n","timestamp":"2013-09-28T15:28:23.250Z"}
{"level":"info","message":"[CALL][ADD][TO]QUEUE][INSERT][YouTube] CbMBPcgQpjNP5JvWv","timestamp":"2013-09-28T15:28:23.252Z"}
{"level":"info","message":"[METHODS]  api http://www.youtube.com/watch?v=8DGjeGRNp-g","timestamp":"2013-09-28T15:28:44.702Z"}
{"level":"info","message":"[START INSERT]","timestamp":"2013-09-28T15:28:46.662Z"}
{"level":"info","message":"[ { title: 'Europa Universalis IV The Continuation of Rome (9)',\n    url: 'http://r5---sn-bvvbax-8pxl.c.youtube.com/videoplayback?source=youtube&sver=3&expire=1380405714&algorithm=throttle-factor&burst=40&upn=xUkxok4EyiU&mt=1380381954&ms=au&factor=1.25&id=f031a378644da7e8&itag=35&mv=m&key=yt1&ipbits=8&ip=91.119.81.43&cp=U0hXRVRLU19GTkNON19MRVdIOlJEY05WZjYtZmgw&sparams=algorithm%2Cburst%2Ccp%2Cfactor%2Cid%2Cip%2Cipbits%2Citag%2Csource%2Cupn%2Cexpire&fexp=905627%2C906398%2C912505%2C941200%2C916623%2C939106%2C924606%2C916914%2C929117%2C929121%2C929906%2C929907%2C929922%2C929923%2C929127%2C929129%2C929131%2C929930%2C936403%2C925724%2C925726%2C936310%2C925720%2C925722%2C925718%2C936401%2C925714%2C929917%2C906945%2C929933%2C929935%2C929937%2C929939%2C939602%2C939604%2C937102%2C906842%2C913428%2C920605%2C919811%2C932309%2C913563%2C919373%2C930803%2C908536%2C908538%2C932211%2C938701%2C931924%2C940501%2C936308%2C909549%2C900816%2C912711%2C934507%2C907231%2C936312%2C906001&signature=0404F22B94FBBC703F9002EE43150C5E1F49EF85.BFEB9712ECD7074B2CECCD4FA16F41468B06C54C&ratebypass=yes',\n    originUrl: 'http://www.youtube.com/watch?v=8DGjeGRNp-g',\n    thumbnail: 'https://i1.ytimg.com/vi/8DGjeGRNp-g/maxresdefault.jpg' } ] 'object' 1","timestamp":"2013-09-28T15:28:46.664Z"}
{"level":"info","message":"child process exited with code 0","timestamp":"2013-09-28T15:28:46.665Z"}
{"level":"info","message":"[CALL][ADD][TO]QUEUE][INSERT][API] MYWe7HeeFbgMK5Qeh","timestamp":"2013-09-28T15:28:46.666Z"}
{"level":"info","message":"[URL] MYWe7HeeFbgMK5Qeh","timestamp":"2013-09-28T15:28:55.138Z"}
{"level":"info","message":"[ENTRY] Europa Universalis IV The Continuation of Rome (9) MYWe7HeeFbgMK5Qeh","timestamp":"2013-09-28T15:28:55.141Z"}
{"title":"Europa Universalis IV The Continuation of Rome (9)","url":"http://r5---sn-bvvbax-8pxl.c.youtube.com/videoplayback?source=youtube&sver=3&expire=1380405714&algorithm=throttle-factor&burst=40&upn=xUkxok4EyiU&mt=1380381954&ms=au&factor=1.25&id=f031a378644da7e8&itag=35&mv=m&key=yt1&ipbits=8&ip=91.119.81.43&cp=U0hXRVRLU19GTkNON19MRVdIOlJEY05WZjYtZmgw&sparams=algorithm%2Cburst%2Ccp%2Cfactor%2Cid%2Cip%2Cipbits%2Citag%2Csource%2Cupn%2Cexpire&fexp=905627%2C906398%2C912505%2C941200%2C916623%2C939106%2C924606%2C916914%2C929117%2C929121%2C929906%2C929907%2C929922%2C929923%2C929127%2C929129%2C929131%2C929930%2C936403%2C925724%2C925726%2C936310%2C925720%2C925722%2C925718%2C936401%2C925714%2C929917%2C906945%2C929933%2C929935%2C929937%2C929939%2C939602%2C939604%2C937102%2C906842%2C913428%2C920605%2C919811%2C932309%2C913563%2C919373%2C930803%2C908536%2C908538%2C932211%2C938701%2C931924%2C940501%2C936308%2C909549%2C900816%2C912711%2C934507%2C907231%2C936312%2C906001&signature=0404F22B94FBBC703F9002EE43150C5E1F49EF85.BFEB9712ECD7074B2CECCD4FA16F41468B06C54C&ratebypass=yes","originUrl":"http://www.youtube.com/watch?v=8DGjeGRNp-g","thumbnail":"https://i1.ytimg.com/vi/8DGjeGRNp-g/maxresdefault.jpg","_id":"MYWe7HeeFbgMK5Qeh","level":"info","message":"","timestamp":"2013-09-28T15:28:55.142Z"}
{"level":"info","message":"PID 11148","timestamp":"2013-09-28T15:28:55.145Z"}
{"level":"info","message":"is playing","timestamp":"2013-09-28T15:28:55.146Z"}
{"level":"info","message":"[UPDATE][ISPLAYING]","timestamp":"2013-09-28T15:28:55.152Z"}
{"level":"info","message":"YwSmLJwEWmTS2L7Zb","timestamp":"2013-09-28T15:29:01.230Z"}
{"skip":false,"play":true,"mute":false,"queue":false,"playerRun":false,"stop":false,"ip":"10.20.30.235:3000","level":"info","message":"","timestamp":"2013-09-28T15:29:01.230Z"}
{"level":"info","message":"playit","timestamp":"2013-09-28T15:29:01.231Z"}
{"level":"info","message":"[ENTRY] Del at Back to School YwSmLJwEWmTS2L7Zb","timestamp":"2013-09-28T15:29:01.231Z"}
{"level":"info","message":"is playing","timestamp":"2013-09-28T15:29:01.232Z"}
{"level":"info","message":"[UPDATE][ISPLAYING]","timestamp":"2013-09-28T15:29:01.248Z"}
{"level":"info","message":"[PlAYER][QUEUE][MODE] ON","timestamp":"2013-09-28T15:29:36.039Z"}
{"level":"info","message":"[PlAYER][QUEUE] Start next Video","timestamp":"2013-09-28T15:29:39.751Z"}
{"level":"info","message":"[KKID][CURRENT POSITION]  YwSmLJwEWmTS2L7Zb Sat Sep 28 2013 17:29:39 GMT+0200 (CEST)","timestamp":"2013-09-28T15:29:39.753Z"}
{"level":"info","message":"1","timestamp":"2013-09-28T15:29:39.753Z"}
{"level":"info","message":"[PID]  11148","timestamp":"2013-09-28T15:29:39.753Z"}
{"level":"info","message":"[NEXT] PNa7vWXpkFk733mRe","timestamp":"2013-09-28T15:29:39.753Z"}
{"level":"info","message":"PNa7vWXpkFk733mRe","timestamp":"2013-09-28T15:29:39.754Z"}
{"skip":false,"play":true,"mute":false,"queue":true,"playerRun":false,"stop":true,"ip":"10.20.30.235:3000","level":"info","message":"","timestamp":"2013-09-28T15:29:39.759Z"}
{"level":"info","message":"playit","timestamp":"2013-09-28T15:29:39.759Z"}
{"level":"info","message":"[ENTRY] Del at PNa7vWXpkFk733mRe","timestamp":"2013-09-28T15:29:39.761Z"}
{"level":"info","message":"is playing","timestamp":"2013-09-28T15:29:39.761Z"}
{"level":"info","message":"[UPDATE][ISPLAYING]","timestamp":"2013-09-28T15:29:39.768Z"}
{"level":"info","message":"[UPDATE][ISPLAYING]","timestamp":"2013-09-28T15:29:39.768Z"}
{"level":"info","message":"[CALL][PlAYER] Stop 11148","timestamp":"2013-09-28T15:30:30.981Z"}
{"0":"YwSmLJwEWmTS2L7Zb","1":"PNa7vWXpkFk733mRe","2":"CbMBPcgQpjNP5JvWv","3":"MYWe7HeeFbgMK5Qeh","level":"info","message":"","timestamp":"2013-09-28T15:30:39.034Z"}
{"level":"info","message":"currentPosition PNa7vWXpkFk733mRe","timestamp":"2013-09-28T15:30:39.035Z"}
{"level":"info","message":"Next 2","timestamp":"2013-09-28T15:30:39.035Z"}
{"level":"info","message":"playlistid CbMBPcgQpjNP5JvWv","timestamp":"2013-09-28T15:30:39.035Z"}
{"level":"info","message":"[SKIP][QUEUE]  CbMBPcgQpjNP5JvWv","timestamp":"2013-09-28T15:30:39.036Z"}
{"level":"info","message":"[CALL][PlAYER] Stop","timestamp":"2013-09-28T15:30:39.036Z"}
{"level":"info","message":"[ENTRY] Del at The Sentient Bean CbMBPcgQpjNP5JvWv","timestamp":"2013-09-28T15:30:39.037Z"}
{"level":"info","message":"is playing","timestamp":"2013-09-28T15:30:39.038Z"}
{"level":"info","message":"[UPDATE][ISPLAYING]","timestamp":"2013-09-28T15:30:39.046Z"}
{"level":"info","message":"[PlAYER][QUEUE][MODE] ON","timestamp":"2013-09-28T15:30:42.472Z"}
{"level":"info","message":"[CALL][PlAYER] Stop 11148","timestamp":"2013-09-28T15:30:44.480Z"}
{"level":"info","message":"[PlAYER][QUEUE] Start next Video","timestamp":"2013-09-28T15:30:47.050Z"}
{"level":"info","message":"[KKID][CURRENT POSITION]  CbMBPcgQpjNP5JvWv Sat Sep 28 2013 17:30:47 GMT+0200 (CEST)","timestamp":"2013-09-28T15:30:47.052Z"}
{"level":"info","message":"3","timestamp":"2013-09-28T15:30:47.052Z"}
{"level":"info","message":"[PID]  11148","timestamp":"2013-09-28T15:30:47.052Z"}
{"level":"info","message":"[NEXT] MYWe7HeeFbgMK5Qeh","timestamp":"2013-09-28T15:30:47.052Z"}
{"level":"info","message":"MYWe7HeeFbgMK5Qeh","timestamp":"2013-09-28T15:30:47.053Z"}
{"skip":true,"play":true,"mute":false,"queue":true,"playerRun":false,"stop":true,"ip":"10.20.30.235:3000","level":"info","message":"","timestamp":"2013-09-28T15:30:47.053Z"}
{"level":"info","message":"playit","timestamp":"2013-09-28T15:30:47.053Z"}
{"level":"info","message":"[ENTRY] Europa Universalis IV The Continuation of Rome (9) MYWe7HeeFbgMK5Qeh","timestamp":"2013-09-28T15:30:47.055Z"}
{"level":"info","message":"is playing","timestamp":"2013-09-28T15:30:47.055Z"}
{"level":"info","message":"[UPDATE][ISPLAYING]","timestamp":"2013-09-28T15:30:47.059Z"}
{"level":"info","message":"[UPDATE][ISPLAYING]","timestamp":"2013-09-28T15:30:47.062Z"}
{"level":"info","message":"[METHODS][DEL][ENTRY]  YwSmLJwEWmTS2L7Zb","timestamp":"2013-09-28T15:39:37.325Z"}
{"level":"info","message":"[METHODS][DEL][ENTRY]  PNa7vWXpkFk733mRe","timestamp":"2013-09-28T15:39:37.491Z"}
{"level":"info","message":"[METHODS][DEL][ENTRY]  CbMBPcgQpjNP5JvWv","timestamp":"2013-09-28T15:39:37.671Z"}
{"level":"info","message":"[METHODS][DEL][ENTRY]  MYWe7HeeFbgMK5Qeh","timestamp":"2013-09-28T15:39:38.246Z"}
{"level":"info","message":"[METHODS]  api http://www.youtube.com/watch?v=6CaWw3-nXKM&list=PLcVeodPLf_u4ddllBS-rqgdWerFD1isJB","timestamp":"2013-09-28T15:40:19.728Z"}
{"level":"info","message":"[METHODS][START INSERT]","timestamp":"2013-09-28T15:40:50.190Z"}
{"level":"info","message":"child process exited with code 0","timestamp":"2013-09-28T15:40:50.192Z"}
{"level":"info","message":"[METHODS][INSERT][API] 3hTWKNhYnGSLBEeNW","timestamp":"2013-09-28T15:40:50.192Z"}
{"level":"info","message":"[METHODS][INSERT][API] h664Y7QDrHZKWFvGM","timestamp":"2013-09-28T15:40:50.195Z"}
{"level":"info","message":"[METHODS][INSERT][API] QqWEywGsTd89jRYjt","timestamp":"2013-09-28T15:40:50.200Z"}
{"level":"info","message":"[METHODS][INSERT][API] LeEbRqWdsR2QSZXpL","timestamp":"2013-09-28T15:40:50.203Z"}
{"level":"info","message":"[METHODS][INSERT][API] zsMC3sT7awLXNZQEu","timestamp":"2013-09-28T15:40:50.206Z"}
{"level":"info","message":"[METHODS][INSERT][API] sWT7b54Z3ZoL4Exon","timestamp":"2013-09-28T15:40:50.208Z"}
{"level":"info","message":"[METHODS][INSERT][API] bCpJmxABzDBE7Sdgf","timestamp":"2013-09-28T15:40:50.211Z"}
{"level":"info","message":"[METHODS][INSERT][API] KgCoPqhmgzus4jWKy","timestamp":"2013-09-28T15:40:50.214Z"}
{"level":"info","message":"[METHODS][INSERT][API] 8taLAELekArjaXypr","timestamp":"2013-09-28T15:40:50.217Z"}
{"level":"info","message":"[METHODS][INSERT][API] WkxgyHBENibXf84tM","timestamp":"2013-09-28T15:40:50.219Z"}
{"level":"info","message":"[METHODS][INSERT][API] EtAPMhSJ4sWwXL5sh","timestamp":"2013-09-28T15:40:50.222Z"}
{"level":"info","message":"[METHODS][INSERT][API] Bj5YsMWFjRoujrQ8o","timestamp":"2013-09-28T15:40:50.223Z"}
{"level":"info","message":"[METHODS][INSERT][API] Po4EMbKEuS9MctfB9","timestamp":"2013-09-28T15:40:50.226Z"}
{"level":"info","message":"[METHODS][INSERT][API] 7K5iNvf7qxRT7buqd","timestamp":"2013-09-28T15:40:50.227Z"}
{"level":"info","message":"[METHODS][INSERT][API] HaY4uQLBd9zAShHDS","timestamp":"2013-09-28T15:40:50.231Z"}
{"level":"info","message":"[METHODS][INSERT][API] aDmv8CKhrHjHxKBNg","timestamp":"2013-09-28T15:40:50.233Z"}
{"level":"info","message":"[METHODS][INSERT][API] afRzgebRjyTgbdo2j","timestamp":"2013-09-28T15:40:50.235Z"}
{"level":"info","message":"[METHODS][INSERT][API] BmtDbAQ6AJyKkwXFQ","timestamp":"2013-09-28T15:40:50.236Z"}
{"level":"info","message":"[METHODS][INSERT][API] rjXKaB3tKWjiw4BCo","timestamp":"2013-09-28T15:40:50.238Z"}
{"level":"info","message":"[METHODS][INSERT][API] HSz5Kvy5MX88fHLbH","timestamp":"2013-09-28T15:40:50.239Z"}
{"level":"info","message":"[METHODS][INSERT][API] BcnwKZRcqfHX3oeK6","timestamp":"2013-09-28T15:40:50.240Z"}
{"level":"info","message":"[METHODS][INSERT][API] wAd54ntXnqcMg3gW6","timestamp":"2013-09-28T15:40:50.241Z"}
{"level":"info","message":"[METHODS][INSERT][API] 5pR9CJs7BhRTAKog2","timestamp":"2013-09-28T15:40:50.257Z"}
{"level":"info","message":"[METHODS][INSERT][API] Dk7y56TozeyYnKaQ2","timestamp":"2013-09-28T15:40:50.259Z"}
{"level":"info","message":"[METHODS][INSERT][API] XJTqM3WjdqwEyu9LF","timestamp":"2013-09-28T15:40:50.260Z"}
{"level":"info","message":"[METHODS][INSERT][API] LGJzjmFMveBy2GBPE","timestamp":"2013-09-28T15:40:50.262Z"}
{"level":"info","message":"[METHODS][INSERT][API] CcdWAbjGfMQwxsmJx","timestamp":"2013-09-28T15:40:50.264Z"}
{"level":"info","message":"[METHODS][PLAYIT][URL] 3hTWKNhYnGSLBEeNW","timestamp":"2013-09-28T15:41:21.123Z"}
{"level":"info","message":"[UPDATE][ISPLAYING]","timestamp":"2013-09-28T15:41:21.162Z"}
