0 info it worked if it ends with ok
1 verbose cli [ '/usr/bin/node', '/usr/bin/npm', 'install', 'fibres' ]
2 info using npm@1.2.18
3 info using node@v0.10.5
4 verbose read json /home/zerocity/dev/kouch-meteor/package.json
5 verbose read json /home/zerocity/dev/kouch-meteor/package.json
6 verbose cache add [ 'fibres', null ]
7 verbose cache add name=undefined spec="fibres" args=["fibres",null]
8 verbose parsed url { protocol: null,
8 verbose parsed url   slashes: null,
8 verbose parsed url   auth: null,
8 verbose parsed url   host: null,
8 verbose parsed url   port: null,
8 verbose parsed url   hostname: null,
8 verbose parsed url   hash: null,
8 verbose parsed url   search: null,
8 verbose parsed url   query: null,
8 verbose parsed url   pathname: 'fibres',
8 verbose parsed url   path: 'fibres',
8 verbose parsed url   href: 'fibres' }
9 silly lockFile c8e38074-fibres fibres
10 verbose lock fibres /home/zerocity/.npm/c8e38074-fibres.lock
11 silly lockFile c8e38074-fibres fibres
12 silly lockFile c8e38074-fibres fibres
13 verbose addNamed [ 'fibres', '' ]
14 verbose addNamed [ null, '' ]
15 silly lockFile 7fbd2529-fibres fibres@
16 verbose lock fibres@ /home/zerocity/.npm/7fbd2529-fibres.lock
17 silly addNameRange { name: 'fibres', range: '', hasData: false }
18 verbose url raw fibres
19 verbose url resolving [ 'https://registry.npmjs.org/', './fibres' ]
20 verbose url resolved https://registry.npmjs.org/fibres
21 info trying registry request attempt 1 at 17:17:04
22 http GET https://registry.npmjs.org/fibres
23 http 404 https://registry.npmjs.org/fibres
24 silly registry.get cb [ 404,
24 silly registry.get   { server: 'CouchDB/1.3.0 (Erlang OTP/R15B03)',
24 silly registry.get     date: 'Tue, 06 Aug 2013 15:16:23 GMT',
24 silly registry.get     'content-type': 'application/json',
24 silly registry.get     'content-length': '52',
24 silly registry.get     'cache-control': 'must-revalidate' } ]
25 silly lockFile 7fbd2529-fibres fibres@
26 silly lockFile 7fbd2529-fibres fibres@
27 error 404 'fibres' is not in the npm registry.
27 error 404 You should bug the author to publish it
27 error 404
27 error 404 Note that you can also install from a
27 error 404 tarball, folder, or http url, or git url.
28 error System Linux 3.7.10-1.16-desktop
29 error command "/usr/bin/node" "/usr/bin/npm" "install" "fibres"
30 error cwd /home/zerocity/dev/kouch-meteor
31 error node -v v0.10.5
32 error npm -v 1.2.18
33 error code E404
34 verbose exit [ 1, true ]
